{"/Users/olegrakitine/Documents/react-typescript-webpack2-cssModules-postCSS/app/src/components/carousel/carousel.component.tsx": {"path":"/Users/olegrakitine/Documents/react-typescript-webpack2-cssModules-postCSS/app/src/components/carousel/carousel.component.tsx","statementMap":{"0":{"start":{"line":1,"column":0},"end":{"line":1,"column":31}},"1":{"start":{"line":2,"column":0},"end":{"line":2,"column":45}},"2":{"start":{"line":4,"column":0},"end":{"line":4,"column":89}},"3":{"start":{"line":7,"column":0},"end":{"line":7,"column":82}},"4":{"start":{"line":8,"column":0},"end":{"line":8,"column":64}},"5":{"start":{"line":14,"column":0},"end":{"line":14,"column":75}},"6":{"start":{"line":14,"column":30},"end":{"line":14,"column":35}},"7":{"start":{"line":22,"column":4},"end":{"line":22,"column":null}},"8":{"start":{"line":15,"column":10},"end":{"line":19,"column":5}},"9":{"start":{"line":16,"column":4},"end":{"line":18,"column":7}},"10":{"start":{"line":29,"column":2},"end":{"line":33,"column":4}},"11":{"start":{"line":30,"column":4},"end":{"line":32,"column":null}},"12":{"start":{"line":31,"column":6},"end":{"line":31,"column":59}},"13":{"start":{"line":35,"column":2},"end":{"line":39,"column":4}},"14":{"start":{"line":36,"column":4},"end":{"line":38,"column":null}},"15":{"start":{"line":37,"column":6},"end":{"line":37,"column":62}},"16":{"start":{"line":24,"column":4},"end":{"line":26,"column":6}},"17":{"start":{"line":41,"column":2},"end":{"line":81,"column":null}},"18":{"start":{"line":42,"column":10},"end":{"line":42,"column":null}},"19":{"start":{"line":43,"column":6},"end":{"line":43,"column":22}},"20":{"start":{"line":44,"column":6},"end":{"line":44,"column":33}},"21":{"start":{"line":45,"column":6},"end":{"line":45,"column":15}},"22":{"start":{"line":46,"column":6},"end":{"line":46,"column":14}},"23":{"start":{"line":47,"column":6},"end":{"line":47,"column":44}},"24":{"start":{"line":48,"column":6},"end":{"line":48,"column":23}},"25":{"start":{"line":49,"column":6},"end":{"line":49,"column":null}},"26":{"start":{"line":52,"column":29},"end":{"line":54,"column":null}},"27":{"start":{"line":56,"column":26},"end":{"line":56,"column":54}},"28":{"start":{"line":58,"column":26},"end":{"line":58,"column":102}},"29":{"start":{"line":60,"column":6},"end":{"line":60,"column":100}},"30":{"start":{"line":61,"column":24},"end":{"line":61,"column":63}},"31":{"start":{"line":62,"column":21},"end":{"line":62,"column":61}},"32":{"start":{"line":63,"column":22},"end":{"line":63,"column":63}},"33":{"start":{"line":64,"column":26},"end":{"line":64,"column":61}},"34":{"start":{"line":66,"column":4},"end":{"line":80,"column":6}},"35":{"start":{"line":82,"column":0},"end":{"line":82,"column":null}},"36":{"start":{"line":14,"column":13},"end":{"line":14,"column":21}}},"fnMap":{"0":{"name":"(anonymous_9)","decl":{"start":{"line":14,"column":0},"end":{"line":14,"column":13}},"loc":{"start":{"line":14,"column":0},"end":{"line":82,"column":null}}},"1":{"name":"Carousel","decl":{"start":{"line":21,"column":2},"end":{"line":21,"column":14}},"loc":{"start":{"line":21,"column":34},"end":{"line":27,"column":3}}},"2":{"name":"(anonymous_11)","decl":{"start":{"line":15,"column":39},"end":{"line":15,"column":40}},"loc":{"start":{"line":15,"column":48},"end":{"line":19,"column":3}}},"3":{"name":"(anonymous_12)","decl":{"start":{"line":29,"column":22},"end":{"line":29,"column":null}},"loc":{"start":{"line":29,"column":22},"end":{"line":33,"column":3}}},"4":{"name":"(anonymous_13)","decl":{"start":{"line":35,"column":25},"end":{"line":35,"column":null}},"loc":{"start":{"line":35,"column":25},"end":{"line":39,"column":3}}},"5":{"name":"(anonymous_14)","decl":{"start":{"line":41,"column":2},"end":{"line":41,"column":8}},"loc":{"start":{"line":41,"column":2},"end":{"line":81,"column":3}}}},"branchMap":{"0":{"loc":{"start":{"line":22,"column":4},"end":{"line":22,"column":16}},"type":"binary-expr","locations":[{"start":{"line":22,"column":4},"end":{"line":22,"column":16}},{"start":{"line":22,"column":16},"end":{"line":22,"column":null}}]},"1":{"loc":{"start":{"line":30,"column":4},"end":{"line":32,"column":null}},"type":"if","locations":[{"start":{"line":30,"column":4},"end":{"line":32,"column":null}},{"start":{"line":30,"column":4},"end":{"line":32,"column":null}}]},"2":{"loc":{"start":{"line":36,"column":4},"end":{"line":38,"column":null}},"type":"if","locations":[{"start":{"line":36,"column":4},"end":{"line":38,"column":null}},{"start":{"line":36,"column":4},"end":{"line":38,"column":null}}]},"3":{"loc":{"start":{"line":43,"column":6},"end":{"line":43,"column":22}},"type":"cond-expr","locations":[{"start":{"line":43,"column":6},"end":{"line":43,"column":22}},{"start":{"line":43,"column":6},"end":{"line":43,"column":22}}]},"4":{"loc":{"start":{"line":44,"column":6},"end":{"line":44,"column":33}},"type":"cond-expr","locations":[{"start":{"line":44,"column":6},"end":{"line":44,"column":33}},{"start":{"line":44,"column":6},"end":{"line":44,"column":33}}]},"5":{"loc":{"start":{"line":45,"column":6},"end":{"line":45,"column":15}},"type":"cond-expr","locations":[{"start":{"line":45,"column":6},"end":{"line":45,"column":15}},{"start":{"line":45,"column":6},"end":{"line":45,"column":15}}]},"6":{"loc":{"start":{"line":47,"column":6},"end":{"line":47,"column":44}},"type":"cond-expr","locations":[{"start":{"line":47,"column":6},"end":{"line":47,"column":44}},{"start":{"line":47,"column":6},"end":{"line":47,"column":44}}]},"7":{"loc":{"start":{"line":48,"column":6},"end":{"line":48,"column":23}},"type":"cond-expr","locations":[{"start":{"line":48,"column":6},"end":{"line":48,"column":23}},{"start":{"line":48,"column":6},"end":{"line":48,"column":23}}]},"8":{"loc":{"start":{"line":53,"column":41},"end":{"line":53,"column":53}},"type":"cond-expr","locations":[{"start":{"line":53,"column":41},"end":{"line":53,"column":53}},{"start":{"line":53,"column":56},"end":{"line":53,"column":91}}]},"9":{"loc":{"start":{"line":58,"column":58},"end":{"line":58,"column":67}},"type":"cond-expr","locations":[{"start":{"line":58,"column":58},"end":{"line":58,"column":67}},{"start":{"line":58,"column":70},"end":{"line":58,"column":102}}]},"10":{"loc":{"start":{"line":60,"column":44},"end":{"line":60,"column":59}},"type":"cond-expr","locations":[{"start":{"line":60,"column":44},"end":{"line":60,"column":59}},{"start":{"line":60,"column":62},"end":{"line":60,"column":100}}]},"11":{"loc":{"start":{"line":63,"column":34},"end":{"line":63,"column":35}},"type":"cond-expr","locations":[{"start":{"line":63,"column":34},"end":{"line":63,"column":35}},{"start":{"line":63,"column":38},"end":{"line":63,"column":63}}]},"12":{"loc":{"start":{"line":64,"column":26},"end":{"line":64,"column":35}},"type":"binary-expr","locations":[{"start":{"line":64,"column":26},"end":{"line":64,"column":35}},{"start":{"line":64,"column":39},"end":{"line":64,"column":61}}]}},"s":{"0":1,"1":1,"2":1,"3":1,"4":1,"5":1,"6":1,"7":1,"8":1,"9":0,"10":1,"11":1,"12":1,"13":1,"14":0,"15":0,"16":1,"17":1,"18":1,"19":2,"20":2,"21":2,"22":1,"23":2,"24":2,"25":1,"26":1,"27":1,"28":1,"29":1,"30":1,"31":1,"32":1,"33":1,"34":1,"35":1,"36":1},"f":{"0":1,"1":1,"2":0,"3":1,"4":0,"5":1},"b":{"0":[1,1],"1":[1,0],"2":[0,0],"3":[1,0],"4":[1,0],"5":[1,0],"6":[1,0],"7":[1,0],"8":[1,0],"9":[1,0],"10":[1,0],"11":[0,1],"12":[1,1]}}
,"/Users/olegrakitine/Documents/react-typescript-webpack2-cssModules-postCSS/app/src/components/carousel/components/carousel-arrow/carousel-arrow.component.tsx": {"path":"/Users/olegrakitine/Documents/react-typescript-webpack2-cssModules-postCSS/app/src/components/carousel/components/carousel-arrow/carousel-arrow.component.tsx","statementMap":{"0":{"start":{"line":1,"column":0},"end":{"line":1,"column":31}},"1":{"start":{"line":2,"column":0},"end":{"line":2,"column":48}},"2":{"start":{"line":4,"column":0},"end":{"line":4,"column":48}},"3":{"start":{"line":6,"column":0},"end":{"line":6,"column":47}},"4":{"start":{"line":7,"column":0},"end":{"line":7,"column":null}},"5":{"start":{"line":14,"column":13},"end":{"line":40,"column":2}},"6":{"start":{"line":14,"column":32},"end":{"line":14,"column":41}},"7":{"start":{"line":14,"column":43},"end":{"line":14,"column":50}},"8":{"start":{"line":14,"column":52},"end":{"line":14,"column":61}},"9":{"start":{"line":15,"column":19},"end":{"line":18,"column":4}},"10":{"start":{"line":19,"column":17},"end":{"line":22,"column":4}},"11":{"start":{"line":23,"column":23},"end":{"line":23,"column":86}},"12":{"start":{"line":25,"column":22},"end":{"line":27,"column":3}},"13":{"start":{"line":26,"column":4},"end":{"line":26,"column":23}},"14":{"start":{"line":29,"column":2},"end":{"line":39,"column":4}},"15":{"start":{"line":42,"column":0},"end":{"line":42,"column":44}}},"fnMap":{"0":{"name":"(anonymous_0)","decl":{"start":{"line":14,"column":29},"end":{"line":14,"column":30}},"loc":{"start":{"line":14,"column":83},"end":{"line":40,"column":1}}},"1":{"name":"(anonymous_1)","decl":{"start":{"line":25,"column":22},"end":{"line":25,"column":23}},"loc":{"start":{"line":25,"column":42},"end":{"line":27,"column":3}}}},"branchMap":{"0":{"loc":{"start":{"line":23,"column":49},"end":{"line":23,"column":74}},"type":"cond-expr","locations":[{"start":{"line":23,"column":49},"end":{"line":23,"column":74}},{"start":{"line":23,"column":77},"end":{"line":23,"column":86}}]}},"s":{"0":1,"1":1,"2":1,"3":1,"4":1,"5":1,"6":1,"7":1,"8":1,"9":1,"10":1,"11":1,"12":1,"13":0,"14":1,"15":1},"f":{"0":1,"1":0},"b":{"0":[0,1]}}
,"/Users/olegrakitine/Documents/react-typescript-webpack2-cssModules-postCSS/app/src/components/carousel/components/carousel-arrow/carousel-arrow.types.ts": {"path":"/Users/olegrakitine/Documents/react-typescript-webpack2-cssModules-postCSS/app/src/components/carousel/components/carousel-arrow/carousel-arrow.types.ts","statementMap":{"0":{"start":{"line":1,"column":13},"end":{"line":1,"column":43}},"1":{"start":{"line":2,"column":13},"end":{"line":2,"column":43}}},"fnMap":{},"branchMap":{},"s":{"0":1,"1":1},"f":{},"b":{}}
,"/Users/olegrakitine/Documents/react-typescript-webpack2-cssModules-postCSS/app/src/components/carousel/components/carousel-base/carousel-base.component.tsx": {"path":"/Users/olegrakitine/Documents/react-typescript-webpack2-cssModules-postCSS/app/src/components/carousel/components/carousel-base/carousel-base.component.tsx","statementMap":{"0":{"start":{"line":1,"column":0},"end":{"line":1,"column":31}},"1":{"start":{"line":2,"column":0},"end":{"line":2,"column":36}},"2":{"start":{"line":3,"column":0},"end":{"line":3,"column":45}},"3":{"start":{"line":5,"column":0},"end":{"line":5,"column":48}},"4":{"start":{"line":6,"column":0},"end":{"line":6,"column":null}},"5":{"start":{"line":12,"column":0},"end":{"line":12,"column":96}},"6":{"start":{"line":13,"column":0},"end":{"line":13,"column":75}},"7":{"start":{"line":14,"column":0},"end":{"line":14,"column":null}},"8":{"start":{"line":19,"column":0},"end":{"line":19,"column":90}},"9":{"start":{"line":20,"column":0},"end":{"line":20,"column":78}},"10":{"start":{"line":22,"column":0},"end":{"line":22,"column":46}},"11":{"start":{"line":30,"column":22},"end":{"line":30,"column":23}},"12":{"start":{"line":31,"column":27},"end":{"line":31,"column":28}},"13":{"start":{"line":33,"column":0},"end":{"line":33,"column":87}},"14":{"start":{"line":33,"column":34},"end":{"line":33,"column":39}},"15":{"start":{"line":44,"column":4},"end":{"line":44,"column":null}},"16":{"start":{"line":34,"column":10},"end":{"line":34,"column":57}},"17":{"start":{"line":35,"column":10},"end":{"line":35,"column":61}},"18":{"start":{"line":36,"column":10},"end":{"line":36,"column":29}},"19":{"start":{"line":37,"column":10},"end":{"line":37,"column":25}},"20":{"start":{"line":38,"column":10},"end":{"line":38,"column":25}},"21":{"start":{"line":39,"column":10},"end":{"line":39,"column":30}},"22":{"start":{"line":41,"column":10},"end":{"line":41,"column":31}},"23":{"start":{"line":51,"column":2},"end":{"line":55,"column":4}},"24":{"start":{"line":52,"column":4},"end":{"line":54,"column":null}},"25":{"start":{"line":53,"column":6},"end":{"line":53,"column":73}},"26":{"start":{"line":57,"column":2},"end":{"line":70,"column":4}},"27":{"start":{"line":58,"column":4},"end":{"line":60,"column":null}},"28":{"start":{"line":59,"column":6},"end":{"line":59,"column":31}},"29":{"start":{"line":61,"column":4},"end":{"line":63,"column":null}},"30":{"start":{"line":62,"column":6},"end":{"line":62,"column":50}},"31":{"start":{"line":64,"column":4},"end":{"line":69,"column":null}},"32":{"start":{"line":68,"column":6},"end":{"line":68,"column":22}},"33":{"start":{"line":72,"column":2},"end":{"line":76,"column":4}},"34":{"start":{"line":73,"column":4},"end":{"line":75,"column":null}},"35":{"start":{"line":74,"column":6},"end":{"line":74,"column":76}},"36":{"start":{"line":78,"column":2},"end":{"line":84,"column":4}},"37":{"start":{"line":79,"column":25},"end":{"line":79,"column":46}},"38":{"start":{"line":80,"column":4},"end":{"line":80,"column":65}},"39":{"start":{"line":81,"column":29},"end":{"line":81,"column":72}},"40":{"start":{"line":82,"column":4},"end":{"line":83,"column":85}},"41":{"start":{"line":86,"column":2},"end":{"line":98,"column":4}},"42":{"start":{"line":87,"column":25},"end":{"line":87,"column":46}},"43":{"start":{"line":89,"column":4},"end":{"line":94,"column":null}},"44":{"start":{"line":90,"column":22},"end":{"line":90,"column":82}},"45":{"start":{"line":91,"column":6},"end":{"line":93,"column":null}},"46":{"start":{"line":92,"column":8},"end":{"line":92,"column":73}},"47":{"start":{"line":95,"column":4},"end":{"line":97,"column":null}},"48":{"start":{"line":96,"column":6},"end":{"line":96,"column":45}},"49":{"start":{"line":100,"column":2},"end":{"line":123,"column":4}},"50":{"start":{"line":100,"column":34},"end":{"line":100,"column":null}},"51":{"start":{"line":101,"column":17},"end":{"line":101,"column":46}},"52":{"start":{"line":102,"column":4},"end":{"line":108,"column":null}},"53":{"start":{"line":104,"column":6},"end":{"line":106,"column":null}},"54":{"start":{"line":105,"column":8},"end":{"line":105,"column":34}},"55":{"start":{"line":107,"column":6},"end":{"line":107,"column":13}},"56":{"start":{"line":110,"column":20},"end":{"line":110,"column":56}},"57":{"start":{"line":111,"column":4},"end":{"line":113,"column":null}},"58":{"start":{"line":112,"column":6},"end":{"line":112,"column":13}},"59":{"start":{"line":115,"column":4},"end":{"line":122,"column":null}},"60":{"start":{"line":116,"column":6},"end":{"line":119,"column":9}},"61":{"start":{"line":121,"column":6},"end":{"line":121,"column":32}},"62":{"start":{"line":125,"column":2},"end":{"line":148,"column":4}},"63":{"start":{"line":126,"column":4},"end":{"line":126,"column":30}},"64":{"start":{"line":127,"column":4},"end":{"line":129,"column":null}},"65":{"start":{"line":128,"column":6},"end":{"line":128,"column":13}},"66":{"start":{"line":130,"column":18},"end":{"line":132,"column":59}},"67":{"start":{"line":133,"column":22},"end":{"line":133,"column":95}},"68":{"start":{"line":135,"column":4},"end":{"line":147,"column":null}},"69":{"start":{"line":137,"column":6},"end":{"line":137,"column":30}},"70":{"start":{"line":138,"column":6},"end":{"line":138,"column":32}},"71":{"start":{"line":140,"column":6},"end":{"line":140,"column":32}},"72":{"start":{"line":141,"column":6},"end":{"line":146,"column":null}},"73":{"start":{"line":142,"column":8},"end":{"line":142,"column":34}},"74":{"start":{"line":143,"column":8},"end":{"line":143,"column":44}},"75":{"start":{"line":144,"column":13},"end":{"line":146,"column":null}},"76":{"start":{"line":145,"column":8},"end":{"line":145,"column":34}},"77":{"start":{"line":150,"column":2},"end":{"line":160,"column":4}},"78":{"start":{"line":151,"column":25},"end":{"line":151,"column":46}},"79":{"start":{"line":152,"column":26},"end":{"line":152,"column":48}},"80":{"start":{"line":153,"column":4},"end":{"line":159,"column":null}},"81":{"start":{"line":154,"column":18},"end":{"line":154,"column":55}},"82":{"start":{"line":155,"column":6},"end":{"line":158,"column":null}},"83":{"start":{"line":156,"column":8},"end":{"line":156,"column":55}},"84":{"start":{"line":157,"column":8},"end":{"line":157,"column":58}},"85":{"start":{"line":162,"column":2},"end":{"line":165,"column":4}},"86":{"start":{"line":163,"column":4},"end":{"line":163,"column":36}},"87":{"start":{"line":164,"column":4},"end":{"line":164,"column":30}},"88":{"start":{"line":167,"column":2},"end":{"line":172,"column":4}},"89":{"start":{"line":168,"column":27},"end":{"line":168,"column":54}},"90":{"start":{"line":169,"column":4},"end":{"line":171,"column":null}},"91":{"start":{"line":170,"column":6},"end":{"line":170,"column":29}},"92":{"start":{"line":174,"column":2},"end":{"line":179,"column":4}},"93":{"start":{"line":175,"column":4},"end":{"line":175,"column":29}},"94":{"start":{"line":176,"column":4},"end":{"line":178,"column":null}},"95":{"start":{"line":177,"column":6},"end":{"line":177,"column":38}},"96":{"start":{"line":181,"column":2},"end":{"line":190,"column":4}},"97":{"start":{"line":182,"column":25},"end":{"line":182,"column":46}},"98":{"start":{"line":183,"column":4},"end":{"line":186,"column":null}},"99":{"start":{"line":184,"column":6},"end":{"line":184,"column":67}},"100":{"start":{"line":185,"column":6},"end":{"line":185,"column":91}},"101":{"start":{"line":187,"column":4},"end":{"line":187,"column":30}},"102":{"start":{"line":188,"column":4},"end":{"line":188,"column":29}},"103":{"start":{"line":189,"column":4},"end":{"line":189,"column":47}},"104":{"start":{"line":192,"column":2},"end":{"line":200,"column":4}},"105":{"start":{"line":193,"column":12},"end":{"line":193,"column":26}},"106":{"start":{"line":194,"column":4},"end":{"line":197,"column":62}},"107":{"start":{"line":199,"column":4},"end":{"line":199,"column":48}},"108":{"start":{"line":202,"column":2},"end":{"line":212,"column":4}},"109":{"start":{"line":203,"column":4},"end":{"line":211,"column":null}},"110":{"start":{"line":205,"column":8},"end":{"line":205,"column":38}},"111":{"start":{"line":207,"column":8},"end":{"line":207,"column":61}},"112":{"start":{"line":210,"column":8},"end":{"line":210,"column":17}},"113":{"start":{"line":214,"column":2},"end":{"line":224,"column":4}},"114":{"start":{"line":215,"column":4},"end":{"line":223,"column":null}},"115":{"start":{"line":217,"column":8},"end":{"line":217,"column":56}},"116":{"start":{"line":219,"column":8},"end":{"line":219,"column":79}},"117":{"start":{"line":222,"column":8},"end":{"line":222,"column":35}},"118":{"start":{"line":226,"column":2},"end":{"line":238,"column":4}},"119":{"start":{"line":227,"column":4},"end":{"line":237,"column":6}},"120":{"start":{"line":229,"column":8},"end":{"line":229,"column":32}},"121":{"start":{"line":232,"column":8},"end":{"line":232,"column":32}},"122":{"start":{"line":235,"column":8},"end":{"line":235,"column":31}},"123":{"start":{"line":45,"column":4},"end":{"line":48,"column":6}},"124":{"start":{"line":240,"column":2},"end":{"line":330,"column":null}},"125":{"start":{"line":240,"column":2},"end":{"line":240,"column":8}},"126":{"start":{"line":241,"column":10},"end":{"line":241,"column":null}},"127":{"start":{"line":242,"column":6},"end":{"line":242,"column":14}},"128":{"start":{"line":243,"column":6},"end":{"line":243,"column":15}},"129":{"start":{"line":244,"column":6},"end":{"line":244,"column":20}},"130":{"start":{"line":245,"column":6},"end":{"line":245,"column":17}},"131":{"start":{"line":246,"column":6},"end":{"line":246,"column":18}},"132":{"start":{"line":247,"column":6},"end":{"line":247,"column":19}},"133":{"start":{"line":248,"column":6},"end":{"line":248,"column":14}},"134":{"start":{"line":249,"column":6},"end":{"line":249,"column":15}},"135":{"start":{"line":250,"column":6},"end":{"line":250,"column":22}},"136":{"start":{"line":251,"column":6},"end":{"line":251,"column":18}},"137":{"start":{"line":252,"column":6},"end":{"line":252,"column":23}},"138":{"start":{"line":253,"column":6},"end":{"line":253,"column":27}},"139":{"start":{"line":254,"column":6},"end":{"line":254,"column":19}},"140":{"start":{"line":255,"column":6},"end":{"line":255,"column":14}},"141":{"start":{"line":256,"column":6},"end":{"line":256,"column":null}},"142":{"start":{"line":258,"column":10},"end":{"line":258,"column":12}},"143":{"start":{"line":258,"column":12},"end":{"line":258,"column":17}},"144":{"start":{"line":258,"column":19},"end":{"line":258,"column":45}},"145":{"start":{"line":260,"column":6},"end":{"line":260,"column":97}},"146":{"start":{"line":262,"column":6},"end":{"line":262,"column":97}},"147":{"start":{"line":263,"column":21},"end":{"line":270,"column":null}},"148":{"start":{"line":273,"column":4},"end":{"line":329,"column":6}},"149":{"start":{"line":275,"column":12},"end":{"line":275,"column":22}},"150":{"start":{"line":275,"column":29},"end":{"line":327,"column":null}},"151":{"start":{"line":331,"column":0},"end":{"line":331,"column":null}},"152":{"start":{"line":33,"column":13},"end":{"line":33,"column":25}}},"fnMap":{"0":{"name":"(anonymous_9)","decl":{"start":{"line":33,"column":0},"end":{"line":33,"column":13}},"loc":{"start":{"line":33,"column":0},"end":{"line":331,"column":null}}},"1":{"name":"CarouselBase","decl":{"start":{"line":43,"column":2},"end":{"line":43,"column":14}},"loc":{"start":{"line":43,"column":38},"end":{"line":49,"column":3}}},"2":{"name":"(anonymous_11)","decl":{"start":{"line":51,"column":22},"end":{"line":51,"column":null}},"loc":{"start":{"line":51,"column":22},"end":{"line":55,"column":3}}},"3":{"name":"(anonymous_12)","decl":{"start":{"line":57,"column":23},"end":{"line":57,"column":24}},"loc":{"start":{"line":57,"column":52},"end":{"line":70,"column":3}}},"4":{"name":"(anonymous_13)","decl":{"start":{"line":72,"column":25},"end":{"line":72,"column":null}},"loc":{"start":{"line":72,"column":25},"end":{"line":76,"column":3}}},"5":{"name":"(anonymous_14)","decl":{"start":{"line":78,"column":23},"end":{"line":78,"column":null}},"loc":{"start":{"line":78,"column":23},"end":{"line":84,"column":3}}},"6":{"name":"(anonymous_15)","decl":{"start":{"line":86,"column":22},"end":{"line":86,"column":null}},"loc":{"start":{"line":86,"column":22},"end":{"line":98,"column":3}}},"7":{"name":"(anonymous_16)","decl":{"start":{"line":100,"column":18},"end":{"line":100,"column":19}},"loc":{"start":{"line":100,"column":49},"end":{"line":123,"column":3}}},"8":{"name":"(anonymous_17)","decl":{"start":{"line":125,"column":19},"end":{"line":125,"column":20}},"loc":{"start":{"line":125,"column":54},"end":{"line":148,"column":3}}},"9":{"name":"(anonymous_18)","decl":{"start":{"line":150,"column":24},"end":{"line":150,"column":25}},"loc":{"start":{"line":150,"column":38},"end":{"line":160,"column":3}}},"10":{"name":"(anonymous_19)","decl":{"start":{"line":162,"column":16},"end":{"line":162,"column":17}},"loc":{"start":{"line":162,"column":30},"end":{"line":165,"column":3}}},"11":{"name":"(anonymous_20)","decl":{"start":{"line":167,"column":16},"end":{"line":167,"column":17}},"loc":{"start":{"line":167,"column":40},"end":{"line":172,"column":3}}},"12":{"name":"(anonymous_21)","decl":{"start":{"line":174,"column":18},"end":{"line":174,"column":19}},"loc":{"start":{"line":174,"column":32},"end":{"line":179,"column":3}}},"13":{"name":"(anonymous_22)","decl":{"start":{"line":181,"column":13},"end":{"line":181,"column":null}},"loc":{"start":{"line":181,"column":13},"end":{"line":190,"column":3}}},"14":{"name":"(anonymous_23)","decl":{"start":{"line":192,"column":17},"end":{"line":192,"column":18}},"loc":{"start":{"line":192,"column":51},"end":{"line":200,"column":3}}},"15":{"name":"(anonymous_24)","decl":{"start":{"line":202,"column":17},"end":{"line":202,"column":18}},"loc":{"start":{"line":202,"column":77},"end":{"line":212,"column":3}}},"16":{"name":"(anonymous_25)","decl":{"start":{"line":214,"column":17},"end":{"line":214,"column":18}},"loc":{"start":{"line":214,"column":76},"end":{"line":224,"column":3}}},"17":{"name":"(anonymous_26)","decl":{"start":{"line":226,"column":19},"end":{"line":226,"column":null}},"loc":{"start":{"line":226,"column":19},"end":{"line":238,"column":3}}},"18":{"name":"(anonymous_27)","decl":{"start":{"line":228,"column":21},"end":{"line":228,"column":22}},"loc":{"start":{"line":228,"column":41},"end":{"line":230,"column":7}}},"19":{"name":"(anonymous_28)","decl":{"start":{"line":231,"column":18},"end":{"line":231,"column":19}},"loc":{"start":{"line":231,"column":38},"end":{"line":233,"column":7}}},"20":{"name":"(anonymous_29)","decl":{"start":{"line":234,"column":20},"end":{"line":234,"column":21}},"loc":{"start":{"line":234,"column":40},"end":{"line":236,"column":7}}},"21":{"name":"(anonymous_30)","decl":{"start":{"line":240,"column":2},"end":{"line":240,"column":8}},"loc":{"start":{"line":240,"column":2},"end":{"line":330,"column":3}}},"22":{"name":"(anonymous_31)","decl":{"start":{"line":275,"column":9},"end":{"line":275,"column":10}},"loc":{"start":{"line":275,"column":24},"end":{"line":275,"column":null}}}},"branchMap":{"0":{"loc":{"start":{"line":44,"column":4},"end":{"line":44,"column":16}},"type":"binary-expr","locations":[{"start":{"line":44,"column":4},"end":{"line":44,"column":16}},{"start":{"line":44,"column":16},"end":{"line":44,"column":null}}]},"1":{"loc":{"start":{"line":52,"column":4},"end":{"line":54,"column":null}},"type":"if","locations":[{"start":{"line":52,"column":4},"end":{"line":54,"column":null}},{"start":{"line":52,"column":4},"end":{"line":54,"column":null}}]},"2":{"loc":{"start":{"line":58,"column":4},"end":{"line":60,"column":null}},"type":"if","locations":[{"start":{"line":58,"column":4},"end":{"line":60,"column":null}},{"start":{"line":58,"column":4},"end":{"line":60,"column":null}}]},"3":{"loc":{"start":{"line":61,"column":4},"end":{"line":63,"column":null}},"type":"if","locations":[{"start":{"line":61,"column":4},"end":{"line":63,"column":null}},{"start":{"line":61,"column":4},"end":{"line":63,"column":null}}]},"4":{"loc":{"start":{"line":64,"column":4},"end":{"line":69,"column":null}},"type":"if","locations":[{"start":{"line":64,"column":4},"end":{"line":69,"column":null}},{"start":{"line":64,"column":4},"end":{"line":69,"column":null}}]},"5":{"loc":{"start":{"line":65,"column":6},"end":{"line":65,"column":54}},"type":"binary-expr","locations":[{"start":{"line":65,"column":6},"end":{"line":65,"column":54}},{"start":{"line":66,"column":6},"end":{"line":66,"column":56}}]},"6":{"loc":{"start":{"line":73,"column":4},"end":{"line":75,"column":null}},"type":"if","locations":[{"start":{"line":73,"column":4},"end":{"line":75,"column":null}},{"start":{"line":73,"column":4},"end":{"line":75,"column":null}}]},"7":{"loc":{"start":{"line":80,"column":37},"end":{"line":80,"column":60}},"type":"cond-expr","locations":[{"start":{"line":80,"column":37},"end":{"line":80,"column":60}},{"start":{"line":80,"column":63},"end":{"line":80,"column":64}}]},"8":{"loc":{"start":{"line":81,"column":44},"end":{"line":81,"column":68}},"type":"cond-expr","locations":[{"start":{"line":81,"column":44},"end":{"line":81,"column":68}},{"start":{"line":81,"column":71},"end":{"line":81,"column":72}}]},"9":{"loc":{"start":{"line":89,"column":4},"end":{"line":94,"column":null}},"type":"if","locations":[{"start":{"line":89,"column":4},"end":{"line":94,"column":null}},{"start":{"line":89,"column":4},"end":{"line":94,"column":null}}]},"10":{"loc":{"start":{"line":89,"column":8},"end":{"line":89,"column":20}},"type":"binary-expr","locations":[{"start":{"line":89,"column":8},"end":{"line":89,"column":20}},{"start":{"line":89,"column":24},"end":{"line":89,"column":56}}]},"11":{"loc":{"start":{"line":91,"column":6},"end":{"line":93,"column":null}},"type":"if","locations":[{"start":{"line":91,"column":6},"end":{"line":93,"column":null}},{"start":{"line":91,"column":6},"end":{"line":93,"column":null}}]},"12":{"loc":{"start":{"line":95,"column":4},"end":{"line":97,"column":null}},"type":"if","locations":[{"start":{"line":95,"column":4},"end":{"line":97,"column":null}},{"start":{"line":95,"column":4},"end":{"line":97,"column":null}}]},"13":{"loc":{"start":{"line":100,"column":34},"end":{"line":100,"column":null}},"type":"if","locations":[{"start":{"line":100,"column":34},"end":{"line":100,"column":null}},{"start":{"line":100,"column":34},"end":{"line":100,"column":null}}]},"14":{"loc":{"start":{"line":102,"column":4},"end":{"line":108,"column":null}},"type":"if","locations":[{"start":{"line":102,"column":4},"end":{"line":108,"column":null}},{"start":{"line":102,"column":4},"end":{"line":108,"column":null}}]},"15":{"loc":{"start":{"line":104,"column":6},"end":{"line":106,"column":null}},"type":"if","locations":[{"start":{"line":104,"column":6},"end":{"line":106,"column":null}},{"start":{"line":104,"column":6},"end":{"line":106,"column":null}}]},"16":{"loc":{"start":{"line":111,"column":4},"end":{"line":113,"column":null}},"type":"if","locations":[{"start":{"line":111,"column":4},"end":{"line":113,"column":null}},{"start":{"line":111,"column":4},"end":{"line":113,"column":null}}]},"17":{"loc":{"start":{"line":115,"column":4},"end":{"line":122,"column":null}},"type":"if","locations":[{"start":{"line":115,"column":4},"end":{"line":122,"column":null}},{"start":{"line":115,"column":4},"end":{"line":122,"column":null}}]},"18":{"loc":{"start":{"line":115,"column":8},"end":{"line":115,"column":24}},"type":"binary-expr","locations":[{"start":{"line":115,"column":8},"end":{"line":115,"column":24}},{"start":{"line":115,"column":28},"end":{"line":115,"column":36}}]},"19":{"loc":{"start":{"line":127,"column":4},"end":{"line":129,"column":null}},"type":"if","locations":[{"start":{"line":127,"column":4},"end":{"line":129,"column":null}},{"start":{"line":127,"column":4},"end":{"line":129,"column":null}}]},"20":{"loc":{"start":{"line":131,"column":8},"end":{"line":131,"column":27}},"type":"cond-expr","locations":[{"start":{"line":131,"column":8},"end":{"line":131,"column":27}},{"start":{"line":132,"column":8},"end":{"line":132,"column":59}}]},"21":{"loc":{"start":{"line":135,"column":4},"end":{"line":147,"column":null}},"type":"if","locations":[{"start":{"line":135,"column":4},"end":{"line":147,"column":null}},{"start":{"line":135,"column":4},"end":{"line":147,"column":null}}]},"22":{"loc":{"start":{"line":135,"column":8},"end":{"line":135,"column":25}},"type":"binary-expr","locations":[{"start":{"line":135,"column":8},"end":{"line":135,"column":25}},{"start":{"line":135,"column":29},"end":{"line":135,"column":39}},{"start":{"line":135,"column":43},"end":{"line":135,"column":86}}]},"23":{"loc":{"start":{"line":141,"column":6},"end":{"line":146,"column":null}},"type":"if","locations":[{"start":{"line":141,"column":6},"end":{"line":146,"column":null}},{"start":{"line":141,"column":6},"end":{"line":146,"column":null}}]},"24":{"loc":{"start":{"line":144,"column":13},"end":{"line":146,"column":null}},"type":"if","locations":[{"start":{"line":144,"column":13},"end":{"line":146,"column":null}},{"start":{"line":144,"column":13},"end":{"line":146,"column":null}}]},"25":{"loc":{"start":{"line":153,"column":4},"end":{"line":159,"column":null}},"type":"if","locations":[{"start":{"line":153,"column":4},"end":{"line":159,"column":null}},{"start":{"line":153,"column":4},"end":{"line":159,"column":null}}]},"26":{"loc":{"start":{"line":153,"column":8},"end":{"line":153,"column":20}},"type":"binary-expr","locations":[{"start":{"line":153,"column":8},"end":{"line":153,"column":20}},{"start":{"line":153,"column":24},"end":{"line":153,"column":37}},{"start":{"line":153,"column":41},"end":{"line":153,"column":77}}]},"27":{"loc":{"start":{"line":155,"column":6},"end":{"line":158,"column":null}},"type":"if","locations":[{"start":{"line":155,"column":6},"end":{"line":158,"column":null}},{"start":{"line":155,"column":6},"end":{"line":158,"column":null}}]},"28":{"loc":{"start":{"line":169,"column":4},"end":{"line":171,"column":null}},"type":"if","locations":[{"start":{"line":169,"column":4},"end":{"line":171,"column":null}},{"start":{"line":169,"column":4},"end":{"line":171,"column":null}}]},"29":{"loc":{"start":{"line":176,"column":4},"end":{"line":178,"column":null}},"type":"if","locations":[{"start":{"line":176,"column":4},"end":{"line":178,"column":null}},{"start":{"line":176,"column":4},"end":{"line":178,"column":null}}]},"30":{"loc":{"start":{"line":183,"column":4},"end":{"line":186,"column":null}},"type":"if","locations":[{"start":{"line":183,"column":4},"end":{"line":186,"column":null}},{"start":{"line":183,"column":4},"end":{"line":186,"column":null}}]},"31":{"loc":{"start":{"line":196,"column":10},"end":{"line":196,"column":61}},"type":"cond-expr","locations":[{"start":{"line":196,"column":10},"end":{"line":196,"column":61}},{"start":{"line":197,"column":10},"end":{"line":197,"column":61}}]},"32":{"loc":{"start":{"line":204,"column":6},"end":{"line":205,"column":38}},"type":"switch","locations":[{"start":{"line":204,"column":6},"end":{"line":205,"column":38}},{"start":{"line":206,"column":6},"end":{"line":207,"column":61}},{"start":{"line":208,"column":6},"end":{"line":208,"column":32}},{"start":{"line":209,"column":6},"end":{"line":210,"column":17}}]},"33":{"loc":{"start":{"line":216,"column":6},"end":{"line":217,"column":56}},"type":"switch","locations":[{"start":{"line":216,"column":6},"end":{"line":217,"column":56}},{"start":{"line":218,"column":6},"end":{"line":219,"column":79}},{"start":{"line":220,"column":6},"end":{"line":220,"column":32}},{"start":{"line":221,"column":6},"end":{"line":222,"column":35}}]},"34":{"loc":{"start":{"line":260,"column":6},"end":{"line":260,"column":45}},"type":"binary-expr","locations":[{"start":{"line":260,"column":6},"end":{"line":260,"column":45}},{"start":{"line":260,"column":49},"end":{"line":260,"column":97}}]},"35":{"loc":{"start":{"line":262,"column":6},"end":{"line":262,"column":45}},"type":"binary-expr","locations":[{"start":{"line":262,"column":6},"end":{"line":262,"column":45}},{"start":{"line":262,"column":49},"end":{"line":262,"column":97}}]},"36":{"loc":{"start":{"line":264,"column":6},"end":{"line":265,"column":null}},"type":"cond-expr","locations":[{"start":{"line":264,"column":6},"end":{"line":265,"column":null}},{"start":{"line":268,"column":6},"end":{"line":269,"column":null}}]},"37":{"loc":{"start":{"line":286,"column":41},"end":{"line":286,"column":61}},"type":"cond-expr","locations":[{"start":{"line":286,"column":41},"end":{"line":286,"column":61}},{"start":{"line":286,"column":64},"end":{"line":286,"column":90}}]},"38":{"loc":{"start":{"line":301,"column":17},"end":{"line":301,"column":30}},"type":"binary-expr","locations":[{"start":{"line":301,"column":17},"end":{"line":301,"column":30}},{"start":{"line":302,"column":18},"end":{"line":305,"column":null}}]},"39":{"loc":{"start":{"line":308,"column":17},"end":{"line":308,"column":30}},"type":"binary-expr","locations":[{"start":{"line":308,"column":17},"end":{"line":308,"column":30}},{"start":{"line":309,"column":18},"end":{"line":312,"column":null}}]},"40":{"loc":{"start":{"line":325,"column":13},"end":{"line":325,"column":22}},"type":"binary-expr","locations":[{"start":{"line":325,"column":13},"end":{"line":325,"column":22}},{"start":{"line":325,"column":26},"end":{"line":325,"column":92}}]}},"s":{"0":1,"1":1,"2":1,"3":1,"4":1,"5":1,"6":1,"7":1,"8":1,"9":1,"10":1,"11":1,"12":1,"13":1,"14":1,"15":1,"16":1,"17":1,"18":1,"19":1,"20":1,"21":1,"22":1,"23":1,"24":1,"25":1,"26":1,"27":0,"28":0,"29":0,"30":0,"31":0,"32":0,"33":1,"34":0,"35":0,"36":1,"37":0,"38":0,"39":0,"40":0,"41":1,"42":0,"43":0,"44":0,"45":0,"46":0,"47":0,"48":0,"49":1,"50":0,"51":0,"52":0,"53":0,"54":0,"55":0,"56":0,"57":0,"58":0,"59":0,"60":0,"61":0,"62":1,"63":0,"64":0,"65":0,"66":0,"67":0,"68":0,"69":0,"70":0,"71":0,"72":0,"73":0,"74":0,"75":0,"76":0,"77":1,"78":0,"79":0,"80":0,"81":0,"82":0,"83":0,"84":0,"85":1,"86":0,"87":0,"88":1,"89":0,"90":0,"91":0,"92":1,"93":0,"94":0,"95":0,"96":1,"97":0,"98":0,"99":0,"100":0,"101":0,"102":0,"103":0,"104":1,"105":0,"106":0,"107":0,"108":1,"109":1,"110":0,"111":1,"112":0,"113":1,"114":1,"115":0,"116":1,"117":0,"118":1,"119":1,"120":0,"121":0,"122":0,"123":1,"124":1,"125":1,"126":1,"127":1,"128":1,"129":1,"130":1,"131":1,"132":1,"133":1,"134":1,"135":1,"136":1,"137":1,"138":1,"139":1,"140":1,"141":1,"142":1,"143":1,"144":1,"145":1,"146":1,"147":1,"148":1,"149":1,"150":1,"151":1,"152":1},"f":{"0":1,"1":1,"2":1,"3":0,"4":0,"5":0,"6":0,"7":0,"8":0,"9":0,"10":0,"11":0,"12":0,"13":0,"14":0,"15":1,"16":1,"17":1,"18":0,"19":0,"20":0,"21":1,"22":1},"b":{"0":[1,1],"1":[1,0],"2":[0,0],"3":[0,0],"4":[0,0],"5":[0,0],"6":[0,0],"7":[0,0],"8":[0,0],"9":[0,0],"10":[0,0],"11":[0,0],"12":[0,0],"13":[0,0],"14":[0,0],"15":[0,0],"16":[0,0],"17":[0,0],"18":[0,0],"19":[0,0],"20":[0,0],"21":[0,0],"22":[0,0,0],"23":[0,0],"24":[0,0],"25":[0,0],"26":[0,0,0],"27":[0,0],"28":[0,0],"29":[0,0],"30":[0,0],"31":[0,0],"32":[0,1,0,0],"33":[0,1,0,0],"34":[1,1],"35":[1,1],"36":[0,1],"37":[1,0],"38":[1,0],"39":[1,1],"40":[1,1]}}
,"/Users/olegrakitine/Documents/react-typescript-webpack2-cssModules-postCSS/app/src/components/carousel/components/carousel-pagination/carousel-pagination.component.tsx": {"path":"/Users/olegrakitine/Documents/react-typescript-webpack2-cssModules-postCSS/app/src/components/carousel/components/carousel-pagination/carousel-pagination.component.tsx","statementMap":{"0":{"start":{"line":1,"column":0},"end":{"line":1,"column":31}},"1":{"start":{"line":2,"column":0},"end":{"line":2,"column":42}},"2":{"start":{"line":4,"column":0},"end":{"line":4,"column":52}},"3":{"start":{"line":7,"column":13},"end":{"line":47,"column":2}},"4":{"start":{"line":8,"column":2},"end":{"line":8,"column":14}},"5":{"start":{"line":9,"column":2},"end":{"line":9,"column":7}},"6":{"start":{"line":10,"column":2},"end":{"line":10,"column":14}},"7":{"start":{"line":11,"column":2},"end":{"line":11,"column":13}},"8":{"start":{"line":12,"column":2},"end":{"line":12,"column":15}},"9":{"start":{"line":13,"column":2},"end":{"line":13,"column":19}},"10":{"start":{"line":15,"column":2},"end":{"line":36,"column":null}},"11":{"start":{"line":16,"column":22},"end":{"line":16,"column":53}},"12":{"start":{"line":17,"column":4},"end":{"line":19,"column":null}},"13":{"start":{"line":18,"column":6},"end":{"line":18,"column":18}},"14":{"start":{"line":20,"column":24},"end":{"line":20,"column":91}},"15":{"start":{"line":22,"column":25},"end":{"line":22,"column":49}},"16":{"start":{"line":22,"column":48},"end":{"line":24,"column":6}},"17":{"start":{"line":23,"column":6},"end":{"line":23,"column":29}},"18":{"start":{"line":26,"column":24},"end":{"line":34,"column":6}},"19":{"start":{"line":26,"column":55},"end":{"line":34,"column":6}},"20":{"start":{"line":35,"column":4},"end":{"line":35,"column":74}},"21":{"start":{"line":38,"column":2},"end":{"line":44,"column":null}},"22":{"start":{"line":39,"column":4},"end":{"line":43,"column":6}},"23":{"start":{"line":46,"column":2},"end":{"line":46,"column":14}},"24":{"start":{"line":49,"column":0},"end":{"line":49,"column":54}}},"fnMap":{"0":{"name":"(anonymous_0)","decl":{"start":{"line":7,"column":34},"end":{"line":7,"column":35}},"loc":{"start":{"line":14,"column":26},"end":{"line":47,"column":1}}},"1":{"name":"(anonymous_1)","decl":{"start":{"line":22,"column":25},"end":{"line":22,"column":26}},"loc":{"start":{"line":22,"column":43},"end":{"line":22,"column":49}}},"2":{"name":"(anonymous_2)","decl":{"start":{"line":22,"column":48},"end":{"line":22,"column":49}},"loc":{"start":{"line":22,"column":68},"end":{"line":24,"column":5}}},"3":{"name":"(anonymous_3)","decl":{"start":{"line":26,"column":45},"end":{"line":26,"column":46}},"loc":{"start":{"line":26,"column":50},"end":{"line":26,"column":null}}}},"branchMap":{"0":{"loc":{"start":{"line":13,"column":2},"end":{"line":13,"column":19}},"type":"cond-expr","locations":[{"start":{"line":13,"column":2},"end":{"line":13,"column":19}},{"start":{"line":13,"column":2},"end":{"line":13,"column":19}}]},"1":{"loc":{"start":{"line":15,"column":2},"end":{"line":36,"column":null}},"type":"if","locations":[{"start":{"line":15,"column":2},"end":{"line":36,"column":null}},{"start":{"line":15,"column":2},"end":{"line":36,"column":null}}]},"2":{"loc":{"start":{"line":17,"column":4},"end":{"line":19,"column":null}},"type":"if","locations":[{"start":{"line":17,"column":4},"end":{"line":19,"column":null}},{"start":{"line":17,"column":4},"end":{"line":19,"column":null}}]},"3":{"loc":{"start":{"line":20,"column":36},"end":{"line":20,"column":49}},"type":"cond-expr","locations":[{"start":{"line":20,"column":36},"end":{"line":20,"column":49}},{"start":{"line":20,"column":52},"end":{"line":20,"column":91}}]},"4":{"loc":{"start":{"line":30,"column":39},"end":{"line":30,"column":65}},"type":"cond-expr","locations":[{"start":{"line":30,"column":39},"end":{"line":30,"column":65}},{"start":{"line":30,"column":68},"end":{"line":30,"column":87}}]},"5":{"loc":{"start":{"line":38,"column":2},"end":{"line":44,"column":null}},"type":"if","locations":[{"start":{"line":38,"column":2},"end":{"line":44,"column":null}},{"start":{"line":38,"column":2},"end":{"line":44,"column":null}}]}},"s":{"0":1,"1":1,"2":1,"3":1,"4":1,"5":1,"6":1,"7":1,"8":1,"9":2,"10":1,"11":1,"12":1,"13":0,"14":1,"15":1,"16":2,"17":0,"18":1,"19":2,"20":1,"21":0,"22":0,"23":0,"24":1},"f":{"0":1,"1":2,"2":0,"3":2},"b":{"0":[0,1],"1":[1,0],"2":[0,1],"3":[0,1],"4":[1,1],"5":[0,0]}}
,"/Users/olegrakitine/Documents/react-typescript-webpack2-cssModules-postCSS/app/src/components/carousel/components/carousel-slides/carousel-slides.component.tsx": {"path":"/Users/olegrakitine/Documents/react-typescript-webpack2-cssModules-postCSS/app/src/components/carousel/components/carousel-slides/carousel-slides.component.tsx","statementMap":{"0":{"start":{"line":1,"column":0},"end":{"line":1,"column":31}},"1":{"start":{"line":2,"column":0},"end":{"line":2,"column":45}},"2":{"start":{"line":4,"column":0},"end":{"line":4,"column":48}},"3":{"start":{"line":6,"column":18},"end":{"line":6,"column":19}},"4":{"start":{"line":8,"column":13},"end":{"line":38,"column":2}},"5":{"start":{"line":9,"column":2},"end":{"line":9,"column":10}},"6":{"start":{"line":10,"column":2},"end":{"line":10,"column":14}},"7":{"start":{"line":11,"column":2},"end":{"line":11,"column":14}},"8":{"start":{"line":12,"column":2},"end":{"line":12,"column":13}},"9":{"start":{"line":13,"column":2},"end":{"line":13,"column":11}},"10":{"start":{"line":14,"column":2},"end":{"line":14,"column":12}},"11":{"start":{"line":16,"column":24},"end":{"line":16,"column":56}},"12":{"start":{"line":17,"column":16},"end":{"line":17,"column":83}},"13":{"start":{"line":18,"column":21},"end":{"line":18,"column":58}},"14":{"start":{"line":19,"column":21},"end":{"line":19,"column":103}},"15":{"start":{"line":20,"column":21},"end":{"line":20,"column":49}},"16":{"start":{"line":22,"column":17},"end":{"line":35,"column":4}},"17":{"start":{"line":23,"column":16},"end":{"line":23,"column":85}},"18":{"start":{"line":24,"column":4},"end":{"line":34,"column":6}},"19":{"start":{"line":37,"column":2},"end":{"line":37,"column":23}},"20":{"start":{"line":40,"column":0},"end":{"line":40,"column":46}}},"fnMap":{"0":{"name":"(anonymous_0)","decl":{"start":{"line":8,"column":30},"end":{"line":8,"column":31}},"loc":{"start":{"line":15,"column":22},"end":{"line":38,"column":1}}},"1":{"name":"(anonymous_1)","decl":{"start":{"line":22,"column":35},"end":{"line":22,"column":36}},"loc":{"start":{"line":22,"column":65},"end":{"line":35,"column":3}}}},"branchMap":{"0":{"loc":{"start":{"line":17,"column":30},"end":{"line":17,"column":78}},"type":"cond-expr","locations":[{"start":{"line":17,"column":30},"end":{"line":17,"column":78}},{"start":{"line":17,"column":81},"end":{"line":17,"column":83}}]},"1":{"loc":{"start":{"line":18,"column":34},"end":{"line":18,"column":54}},"type":"cond-expr","locations":[{"start":{"line":18,"column":34},"end":{"line":18,"column":54}},{"start":{"line":18,"column":57},"end":{"line":18,"column":58}}]},"2":{"loc":{"start":{"line":19,"column":34},"end":{"line":19,"column":80}},"type":"cond-expr","locations":[{"start":{"line":19,"column":34},"end":{"line":19,"column":80}},{"start":{"line":19,"column":83},"end":{"line":19,"column":103}}]},"3":{"loc":{"start":{"line":23,"column":16},"end":{"line":23,"column":72}},"type":"binary-expr","locations":[{"start":{"line":23,"column":16},"end":{"line":23,"column":72}},{"start":{"line":23,"column":76},"end":{"line":23,"column":85}}]},"4":{"loc":{"start":{"line":26,"column":13},"end":{"line":26,"column":16}},"type":"binary-expr","locations":[{"start":{"line":26,"column":13},"end":{"line":26,"column":16}},{"start":{"line":26,"column":20},"end":{"line":26,"column":25}}]},"5":{"loc":{"start":{"line":28,"column":31},"end":{"line":28,"column":51}},"type":"cond-expr","locations":[{"start":{"line":28,"column":31},"end":{"line":28,"column":51}},{"start":{"line":28,"column":54},"end":{"line":28,"column":80}}]},"6":{"loc":{"start":{"line":31,"column":56},"end":{"line":31,"column":61}},"type":"cond-expr","locations":[{"start":{"line":31,"column":56},"end":{"line":31,"column":61}},{"start":{"line":31,"column":64},"end":{"line":31,"column":75}}]},"7":{"loc":{"start":{"line":31,"column":11},"end":{"line":31,"column":30}},"type":"binary-expr","locations":[{"start":{"line":31,"column":11},"end":{"line":31,"column":30}},{"start":{"line":31,"column":34},"end":{"line":31,"column":53}}]}},"s":{"0":1,"1":1,"2":1,"3":1,"4":1,"5":1,"6":1,"7":1,"8":1,"9":1,"10":1,"11":1,"12":1,"13":1,"14":1,"15":1,"16":1,"17":2,"18":2,"19":1,"20":1},"f":{"0":1,"1":2},"b":{"0":[0,1],"1":[0,1],"2":[0,1],"3":[2,0],"4":[2,2],"5":[2,0],"6":[2,0],"7":[2,2]}}
,"/Users/olegrakitine/Documents/react-typescript-webpack2-cssModules-postCSS/app/src/components/carousel/types/carousel-arrow-increment.types.ts": {"path":"/Users/olegrakitine/Documents/react-typescript-webpack2-cssModules-postCSS/app/src/components/carousel/types/carousel-arrow-increment.types.ts","statementMap":{"0":{"start":{"line":1,"column":13},"end":{"line":1,"column":43}},"1":{"start":{"line":2,"column":13},"end":{"line":2,"column":47}},"2":{"start":{"line":3,"column":13},"end":{"line":3,"column":43}}},"fnMap":{},"branchMap":{},"s":{"0":1,"1":1,"2":1},"f":{},"b":{}}
,"/Users/olegrakitine/Documents/react-typescript-webpack2-cssModules-postCSS/app/src/components/carousel/types/carousel-indicator.types.ts": {"path":"/Users/olegrakitine/Documents/react-typescript-webpack2-cssModules-postCSS/app/src/components/carousel/types/carousel-indicator.types.ts","statementMap":{"0":{"start":{"line":1,"column":13},"end":{"line":1,"column":37}},"1":{"start":{"line":2,"column":13},"end":{"line":2,"column":39}},"2":{"start":{"line":3,"column":13},"end":{"line":3,"column":41}}},"fnMap":{},"branchMap":{},"s":{"0":1,"1":1,"2":1},"f":{},"b":{}}
,"/Users/olegrakitine/Documents/react-typescript-webpack2-cssModules-postCSS/app/src/components/carousel/types/index.ts": {"path":"/Users/olegrakitine/Documents/react-typescript-webpack2-cssModules-postCSS/app/src/components/carousel/types/index.ts","statementMap":{"0":{"start":{"line":1,"column":0},"end":{"line":1,"column":49}},"1":{"start":{"line":2,"column":0},"end":{"line":2,"column":43}}},"fnMap":{},"branchMap":{},"s":{"0":1,"1":1},"f":{},"b":{}}
,"/Users/olegrakitine/Documents/react-typescript-webpack2-cssModules-postCSS/app/src/components/carousel/utils/element-vertical-centerIn-parent.ts": {"path":"/Users/olegrakitine/Documents/react-typescript-webpack2-cssModules-postCSS/app/src/components/carousel/utils/element-vertical-centerIn-parent.ts","statementMap":{"0":{"start":{"line":1,"column":13},"end":{"line":5,"column":2}},"1":{"start":{"line":2,"column":22},"end":{"line":2,"column":53}},"2":{"start":{"line":3,"column":21},"end":{"line":3,"column":51}},"3":{"start":{"line":4,"column":2},"end":{"line":4,"column":67}}},"fnMap":{"0":{"name":"(anonymous_0)","decl":{"start":{"line":1,"column":48},"end":{"line":1,"column":49}},"loc":{"start":{"line":1,"column":82},"end":{"line":5,"column":1}}}},"branchMap":{},"s":{"0":1,"1":0,"2":0,"3":0},"f":{"0":0},"b":{}}
,"/Users/olegrakitine/Documents/react-typescript-webpack2-cssModules-postCSS/app/src/components/icon/icon.component.tsx": {"path":"/Users/olegrakitine/Documents/react-typescript-webpack2-cssModules-postCSS/app/src/components/icon/icon.component.tsx","statementMap":{"0":{"start":{"line":1,"column":0},"end":{"line":1,"column":31}},"1":{"start":{"line":5,"column":2},"end":{"line":6,"column":null}},"2":{"start":{"line":10,"column":2},"end":{"line":11,"column":null}},"3":{"start":{"line":16,"column":2},"end":{"line":20,"column":null}},"4":{"start":{"line":24,"column":13},"end":{"line":33,"column":2}},"5":{"start":{"line":24,"column":23},"end":{"line":24,"column":27}},"6":{"start":{"line":24,"column":29},"end":{"line":24,"column":37}},"7":{"start":{"line":25,"column":2},"end":{"line":32,"column":null}},"8":{"start":{"line":27,"column":6},"end":{"line":27,"column":26}},"9":{"start":{"line":29,"column":6},"end":{"line":29,"column":25}},"10":{"start":{"line":31,"column":6},"end":{"line":31,"column":15}},"11":{"start":{"line":35,"column":0},"end":{"line":35,"column":26}}},"fnMap":{"0":{"name":"(anonymous_1)","decl":{"start":{"line":24,"column":20},"end":{"line":24,"column":21}},"loc":{"start":{"line":24,"column":50},"end":{"line":33,"column":1}}}},"branchMap":{"0":{"loc":{"start":{"line":26,"column":4},"end":{"line":27,"column":26}},"type":"switch","locations":[{"start":{"line":26,"column":4},"end":{"line":27,"column":26}},{"start":{"line":28,"column":4},"end":{"line":29,"column":25}},{"start":{"line":30,"column":4},"end":{"line":31,"column":15}}]}},"s":{"0":2,"1":2,"2":2,"3":2,"4":2,"5":2,"6":2,"7":2,"8":1,"9":0,"10":1,"11":2},"f":{"0":2},"b":{"0":[1,0,1]}}
,"/Users/olegrakitine/Documents/react-typescript-webpack2-cssModules-postCSS/app/src/components/icon/index.ts": {"path":"/Users/olegrakitine/Documents/react-typescript-webpack2-cssModules-postCSS/app/src/components/icon/index.ts","statementMap":{"0":{"start":{"line":1,"column":0},"end":{"line":1,"column":33}}},"fnMap":{},"branchMap":{},"s":{"0":1},"f":{},"b":{}}
,"/Users/olegrakitine/Documents/react-typescript-webpack2-cssModules-postCSS/app/src/utils/count.ts": {"path":"/Users/olegrakitine/Documents/react-typescript-webpack2-cssModules-postCSS/app/src/utils/count.ts","statementMap":{"0":{"start":{"line":6,"column":13},"end":{"line":12,"column":4}},"1":{"start":{"line":7,"column":21},"end":{"line":7,"column":23}},"2":{"start":{"line":8,"column":4},"end":{"line":10,"column":null}},"3":{"start":{"line":8,"column":17},"end":{"line":8,"column":18}},"4":{"start":{"line":9,"column":6},"end":{"line":9,"column":23}},"5":{"start":{"line":11,"column":4},"end":{"line":11,"column":20}}},"fnMap":{"0":{"name":"(anonymous_0)","decl":{"start":{"line":6,"column":21},"end":{"line":6,"column":22}},"loc":{"start":{"line":6,"column":36},"end":{"line":12,"column":3}}}},"branchMap":{},"s":{"0":1,"1":1,"2":1,"3":1,"4":2,"5":1},"f":{"0":1},"b":{}}
,"/Users/olegrakitine/Documents/react-typescript-webpack2-cssModules-postCSS/app/src/utils/index.ts": {"path":"/Users/olegrakitine/Documents/react-typescript-webpack2-cssModules-postCSS/app/src/utils/index.ts","statementMap":{"0":{"start":{"line":1,"column":0},"end":{"line":1,"column":32}},"1":{"start":{"line":2,"column":0},"end":{"line":2,"column":33}},"2":{"start":{"line":3,"column":0},"end":{"line":3,"column":31}},"3":{"start":{"line":5,"column":0},"end":{"line":5,"column":29}},"4":{"start":{"line":6,"column":0},"end":{"line":6,"column":24}}},"fnMap":{},"branchMap":{},"s":{"0":1,"1":1,"2":1,"3":1,"4":1},"f":{},"b":{}}
,"/Users/olegrakitine/Documents/react-typescript-webpack2-cssModules-postCSS/app/src/utils/is-in-browser.ts": {"path":"/Users/olegrakitine/Documents/react-typescript-webpack2-cssModules-postCSS/app/src/utils/is-in-browser.ts","statementMap":{"0":{"start":{"line":1,"column":13},"end":{"line":1,"column":119}},"1":{"start":{"line":1,"column":33},"end":{"line":1,"column":119}}},"fnMap":{"0":{"name":"(anonymous_0)","decl":{"start":{"line":1,"column":27},"end":{"line":1,"column":33}},"loc":{"start":{"line":1,"column":27},"end":{"line":1,"column":34}}}},"branchMap":{"0":{"loc":{"start":{"line":1,"column":36},"end":{"line":1,"column":65}},"type":"binary-expr","locations":[{"start":{"line":1,"column":36},"end":{"line":1,"column":65}},{"start":{"line":1,"column":69},"end":{"line":1,"column":84}},{"start":{"line":1,"column":88},"end":{"line":1,"column":117}}]}},"s":{"0":1,"1":2},"f":{"0":2},"b":{"0":[2,2,2]}}
,"/Users/olegrakitine/Documents/react-typescript-webpack2-cssModules-postCSS/app/src/utils/is-of-type.ts": {"path":"/Users/olegrakitine/Documents/react-typescript-webpack2-cssModules-postCSS/app/src/utils/is-of-type.ts","statementMap":{"0":{"start":{"line":9,"column":13},"end":{"line":14,"column":2}},"1":{"start":{"line":13,"column":2},"end":{"line":13,"column":65}}},"fnMap":{"0":{"name":"(anonymous_0)","decl":{"start":{"line":9,"column":24},"end":{"line":9,"column":null}},"loc":{"start":{"line":11,"column":44},"end":{"line":14,"column":1}}}},"branchMap":{},"s":{"0":1,"1":2},"f":{"0":2},"b":{}}
,"/Users/olegrakitine/Documents/react-typescript-webpack2-cssModules-postCSS/app/src/utils/join-classes.ts": {"path":"/Users/olegrakitine/Documents/react-typescript-webpack2-cssModules-postCSS/app/src/utils/join-classes.ts","statementMap":{"0":{"start":{"line":8,"column":13},"end":{"line":8,"column":106}},"1":{"start":{"line":8,"column":28},"end":{"line":8,"column":51}},"2":{"start":{"line":8,"column":64},"end":{"line":8,"column":106}},"3":{"start":{"line":8,"column":84},"end":{"line":8,"column":95}}},"fnMap":{"0":{"name":"(anonymous_0)","decl":{"start":{"line":8,"column":27},"end":{"line":8,"column":28}},"loc":{"start":{"line":8,"column":27},"end":{"line":8,"column":71}}},"1":{"name":"(anonymous_1)","decl":{"start":{"line":8,"column":79},"end":{"line":8,"column":80}},"loc":{"start":{"line":8,"column":80},"end":{"line":8,"column":91}}}},"branchMap":{},"s":{"0":1,"1":8,"2":2,"3":4},"f":{"0":2,"1":4},"b":{}}
,"/Users/olegrakitine/Documents/react-typescript-webpack2-cssModules-postCSS/app/src/utils/mq-breakpoints.ts": {"path":"/Users/olegrakitine/Documents/react-typescript-webpack2-cssModules-postCSS/app/src/utils/mq-breakpoints.ts","statementMap":{"0":{"start":{"line":2,"column":13},"end":{"line":2,"column":29}},"1":{"start":{"line":3,"column":13},"end":{"line":3,"column":30}},"2":{"start":{"line":4,"column":13},"end":{"line":4,"column":29}},"3":{"start":{"line":5,"column":13},"end":{"line":5,"column":31}},"4":{"start":{"line":7,"column":37},"end":{"line":7,"column":40}},"5":{"start":{"line":8,"column":36},"end":{"line":8,"column":39}},"6":{"start":{"line":9,"column":42},"end":{"line":9,"column":46}},"7":{"start":{"line":13,"column":13},"end":{"line":27,"column":2}},"8":{"start":{"line":14,"column":2},"end":{"line":16,"column":null}},"9":{"start":{"line":15,"column":4},"end":{"line":15,"column":20}},"10":{"start":{"line":18,"column":24},"end":{"line":18,"column":94}},"11":{"start":{"line":19,"column":2},"end":{"line":25,"column":null}},"12":{"start":{"line":20,"column":4},"end":{"line":20,"column":20}},"13":{"start":{"line":21,"column":9},"end":{"line":25,"column":null}},"14":{"start":{"line":22,"column":4},"end":{"line":22,"column":21}},"15":{"start":{"line":23,"column":9},"end":{"line":25,"column":null}},"16":{"start":{"line":24,"column":4},"end":{"line":24,"column":20}},"17":{"start":{"line":26,"column":2},"end":{"line":26,"column":20}}},"fnMap":{"0":{"name":"(anonymous_0)","decl":{"start":{"line":13,"column":46},"end":{"line":13,"column":null}},"loc":{"start":{"line":13,"column":46},"end":{"line":27,"column":1}}}},"branchMap":{"0":{"loc":{"start":{"line":14,"column":2},"end":{"line":16,"column":null}},"type":"if","locations":[{"start":{"line":14,"column":2},"end":{"line":16,"column":null}},{"start":{"line":14,"column":2},"end":{"line":16,"column":null}}]},"1":{"loc":{"start":{"line":14,"column":6},"end":{"line":14,"column":35}},"type":"binary-expr","locations":[{"start":{"line":14,"column":6},"end":{"line":14,"column":35}},{"start":{"line":14,"column":39},"end":{"line":14,"column":70}}]},"2":{"loc":{"start":{"line":18,"column":71},"end":{"line":18,"column":88}},"type":"binary-expr","locations":[{"start":{"line":18,"column":71},"end":{"line":18,"column":88}},{"start":{"line":18,"column":92},"end":{"line":18,"column":93}}]},"3":{"loc":{"start":{"line":19,"column":2},"end":{"line":25,"column":null}},"type":"if","locations":[{"start":{"line":19,"column":2},"end":{"line":25,"column":null}},{"start":{"line":19,"column":2},"end":{"line":25,"column":null}}]},"4":{"loc":{"start":{"line":21,"column":9},"end":{"line":25,"column":null}},"type":"if","locations":[{"start":{"line":21,"column":9},"end":{"line":25,"column":null}},{"start":{"line":21,"column":9},"end":{"line":25,"column":null}}]},"5":{"loc":{"start":{"line":23,"column":9},"end":{"line":25,"column":null}},"type":"if","locations":[{"start":{"line":23,"column":9},"end":{"line":25,"column":null}},{"start":{"line":23,"column":9},"end":{"line":25,"column":null}}]}},"s":{"0":1,"1":1,"2":1,"3":1,"4":1,"5":1,"6":1,"7":1,"8":1,"9":0,"10":1,"11":1,"12":0,"13":1,"14":0,"15":1,"16":1,"17":0},"f":{"0":1},"b":{"0":[0,1],"1":[1,0],"2":[1,0],"3":[0,1],"4":[0,1],"5":[1,0]}}
,"/Users/olegrakitine/Documents/react-typescript-webpack2-cssModules-postCSS/test/unit/helpers/ComponentHelper.tsx": {"path":"/Users/olegrakitine/Documents/react-typescript-webpack2-cssModules-postCSS/test/unit/helpers/ComponentHelper.tsx","statementMap":{"0":{"start":{"line":2,"column":0},"end":{"line":2,"column":48}},"1":{"start":{"line":3,"column":0},"end":{"line":3,"column":31}},"2":{"start":{"line":5,"column":30},"end":{"line":20,"column":1}},"3":{"start":{"line":5,"column":47},"end":{"line":5,"column":null}},"4":{"start":{"line":6,"column":2},"end":{"line":19,"column":4}},"5":{"start":{"line":6,"column":10},"end":{"line":6,"column":null}},"6":{"start":{"line":6,"column":12},"end":{"line":6,"column":27}},"7":{"start":{"line":6,"column":29},"end":{"line":6,"column":37}},"8":{"start":{"line":7,"column":20},"end":{"line":7,"column":94}},"9":{"start":{"line":9,"column":22},"end":{"line":14,"column":6}},"10":{"start":{"line":13,"column":21},"end":{"line":13,"column":null}},"11":{"start":{"line":16,"column":4},"end":{"line":17,"column":null}},"12":{"start":{"line":22,"column":0},"end":{"line":22,"column":37}}},"fnMap":{"0":{"name":"(anonymous_3)","decl":{"start":{"line":5,"column":30},"end":{"line":5,"column":31}},"loc":{"start":{"line":5,"column":64},"end":{"line":20,"column":1}}},"1":{"name":"(anonymous_4)","decl":{"start":{"line":6,"column":9},"end":{"line":6,"column":10}},"loc":{"start":{"line":6,"column":44},"end":{"line":19,"column":3}}},"2":{"name":"(anonymous_5)","decl":{"start":{"line":13,"column":15},"end":{"line":13,"column":21}},"loc":{"start":{"line":13,"column":15},"end":{"line":13,"column":28}}}},"branchMap":{"0":{"loc":{"start":{"line":5,"column":47},"end":{"line":5,"column":null}},"type":"if","locations":[{"start":{"line":5,"column":47},"end":{"line":5,"column":null}},{"start":{"line":5,"column":47},"end":{"line":5,"column":null}}]},"1":{"loc":{"start":{"line":6,"column":10},"end":{"line":6,"column":null}},"type":"if","locations":[{"start":{"line":6,"column":10},"end":{"line":6,"column":null}},{"start":{"line":6,"column":10},"end":{"line":6,"column":null}}]},"2":{"loc":{"start":{"line":6,"column":12},"end":{"line":6,"column":27}},"type":"cond-expr","locations":[{"start":{"line":6,"column":12},"end":{"line":6,"column":27}},{"start":{"line":6,"column":12},"end":{"line":6,"column":27}}]}},"s":{"0":2,"1":2,"2":2,"3":4,"4":2,"5":4,"6":4,"7":2,"8":2,"9":2,"10":2,"11":2,"12":2},"f":{"0":2,"1":2,"2":2},"b":{"0":[2,0],"1":[2,0],"2":[2,0]}}
}
