TN:
SF:/Users/olegrakitine/Documents/react-typescript-webpack2-cssModules-postCSS/app/src/components/carousel/carousel.component.tsx
FN:14,(anonymous_9)
FN:21,Carousel
FN:15,(anonymous_11)
FN:29,(anonymous_12)
FN:35,(anonymous_13)
FN:41,(anonymous_14)
FNF:6
FNH:4
FNDA:1,(anonymous_9)
FNDA:1,Carousel
FNDA:0,(anonymous_11)
FNDA:1,(anonymous_12)
FNDA:0,(anonymous_13)
FNDA:1,(anonymous_14)
DA:1,1
DA:2,1
DA:4,1
DA:7,1
DA:8,1
DA:14,1
DA:15,1
DA:16,0
DA:22,1
DA:24,1
DA:29,1
DA:30,1
DA:31,1
DA:35,1
DA:36,0
DA:37,0
DA:41,1
DA:42,1
DA:43,2
DA:44,2
DA:45,2
DA:46,1
DA:47,2
DA:48,2
DA:49,1
DA:52,1
DA:56,1
DA:58,1
DA:60,1
DA:61,1
DA:62,1
DA:63,1
DA:64,1
DA:66,1
DA:82,1
LF:35
LH:32
BRDA:22,0,0,1
BRDA:22,0,1,1
BRDA:30,1,0,1
BRDA:30,1,1,0
BRDA:36,2,0,0
BRDA:36,2,1,0
BRDA:43,3,0,1
BRDA:43,3,1,0
BRDA:44,4,0,1
BRDA:44,4,1,0
BRDA:45,5,0,1
BRDA:45,5,1,0
BRDA:47,6,0,1
BRDA:47,6,1,0
BRDA:48,7,0,1
BRDA:48,7,1,0
BRDA:53,8,0,1
BRDA:53,8,1,0
BRDA:58,9,0,1
BRDA:58,9,1,0
BRDA:60,10,0,1
BRDA:60,10,1,0
BRDA:63,11,0,0
BRDA:63,11,1,1
BRDA:64,12,0,1
BRDA:64,12,1,1
BRF:26
BRH:14
end_of_record
TN:
SF:/Users/olegrakitine/Documents/react-typescript-webpack2-cssModules-postCSS/app/src/components/carousel/components/carousel-arrow/carousel-arrow.component.tsx
FN:14,(anonymous_0)
FN:25,(anonymous_1)
FNF:2
FNH:1
FNDA:1,(anonymous_0)
FNDA:0,(anonymous_1)
DA:1,1
DA:2,1
DA:4,1
DA:6,1
DA:7,1
DA:14,1
DA:15,1
DA:19,1
DA:23,1
DA:25,1
DA:26,0
DA:29,1
DA:42,1
LF:13
LH:12
BRDA:23,0,0,0
BRDA:23,0,1,1
BRF:2
BRH:1
end_of_record
TN:
SF:/Users/olegrakitine/Documents/react-typescript-webpack2-cssModules-postCSS/app/src/components/carousel/components/carousel-arrow/carousel-arrow.types.ts
FNF:0
FNH:0
DA:1,1
DA:2,1
LF:2
LH:2
BRF:0
BRH:0
end_of_record
TN:
SF:/Users/olegrakitine/Documents/react-typescript-webpack2-cssModules-postCSS/app/src/components/carousel/components/carousel-base/carousel-base.component.tsx
FN:33,(anonymous_9)
FN:43,CarouselBase
FN:51,(anonymous_11)
FN:57,(anonymous_12)
FN:72,(anonymous_13)
FN:78,(anonymous_14)
FN:86,(anonymous_15)
FN:100,(anonymous_16)
FN:125,(anonymous_17)
FN:150,(anonymous_18)
FN:162,(anonymous_19)
FN:167,(anonymous_20)
FN:174,(anonymous_21)
FN:181,(anonymous_22)
FN:192,(anonymous_23)
FN:202,(anonymous_24)
FN:214,(anonymous_25)
FN:226,(anonymous_26)
FN:228,(anonymous_27)
FN:231,(anonymous_28)
FN:234,(anonymous_29)
FN:240,(anonymous_30)
FN:275,(anonymous_31)
FNF:23
FNH:8
FNDA:1,(anonymous_9)
FNDA:1,CarouselBase
FNDA:1,(anonymous_11)
FNDA:0,(anonymous_12)
FNDA:0,(anonymous_13)
FNDA:0,(anonymous_14)
FNDA:0,(anonymous_15)
FNDA:0,(anonymous_16)
FNDA:0,(anonymous_17)
FNDA:0,(anonymous_18)
FNDA:0,(anonymous_19)
FNDA:0,(anonymous_20)
FNDA:0,(anonymous_21)
FNDA:0,(anonymous_22)
FNDA:0,(anonymous_23)
FNDA:1,(anonymous_24)
FNDA:1,(anonymous_25)
FNDA:1,(anonymous_26)
FNDA:0,(anonymous_27)
FNDA:0,(anonymous_28)
FNDA:0,(anonymous_29)
FNDA:1,(anonymous_30)
FNDA:1,(anonymous_31)
DA:1,1
DA:2,1
DA:3,1
DA:5,1
DA:6,1
DA:12,1
DA:13,1
DA:14,1
DA:19,1
DA:20,1
DA:22,1
DA:30,1
DA:31,1
DA:33,1
DA:34,1
DA:35,1
DA:36,1
DA:37,1
DA:38,1
DA:39,1
DA:41,1
DA:44,1
DA:45,1
DA:51,1
DA:52,1
DA:53,1
DA:57,1
DA:58,0
DA:59,0
DA:61,0
DA:62,0
DA:64,0
DA:68,0
DA:72,1
DA:73,0
DA:74,0
DA:78,1
DA:79,0
DA:80,0
DA:81,0
DA:82,0
DA:86,1
DA:87,0
DA:89,0
DA:90,0
DA:91,0
DA:92,0
DA:95,0
DA:96,0
DA:100,1
DA:101,0
DA:102,0
DA:104,0
DA:105,0
DA:107,0
DA:110,0
DA:111,0
DA:112,0
DA:115,0
DA:116,0
DA:121,0
DA:125,1
DA:126,0
DA:127,0
DA:128,0
DA:130,0
DA:133,0
DA:135,0
DA:137,0
DA:138,0
DA:140,0
DA:141,0
DA:142,0
DA:143,0
DA:144,0
DA:145,0
DA:150,1
DA:151,0
DA:152,0
DA:153,0
DA:154,0
DA:155,0
DA:156,0
DA:157,0
DA:162,1
DA:163,0
DA:164,0
DA:167,1
DA:168,0
DA:169,0
DA:170,0
DA:174,1
DA:175,0
DA:176,0
DA:177,0
DA:181,1
DA:182,0
DA:183,0
DA:184,0
DA:185,0
DA:187,0
DA:188,0
DA:189,0
DA:192,1
DA:193,0
DA:194,0
DA:199,0
DA:202,1
DA:203,1
DA:205,0
DA:207,1
DA:210,0
DA:214,1
DA:215,1
DA:217,0
DA:219,1
DA:222,0
DA:226,1
DA:227,1
DA:229,0
DA:232,0
DA:235,0
DA:240,1
DA:241,1
DA:242,1
DA:243,1
DA:244,1
DA:245,1
DA:246,1
DA:247,1
DA:248,1
DA:249,1
DA:250,1
DA:251,1
DA:252,1
DA:253,1
DA:254,1
DA:255,1
DA:256,1
DA:258,1
DA:260,1
DA:262,1
DA:263,1
DA:273,1
DA:275,1
DA:331,1
LF:146
LH:70
BRDA:44,0,0,1
BRDA:44,0,1,1
BRDA:52,1,0,1
BRDA:52,1,1,0
BRDA:58,2,0,0
BRDA:58,2,1,0
BRDA:61,3,0,0
BRDA:61,3,1,0
BRDA:64,4,0,0
BRDA:64,4,1,0
BRDA:65,5,0,0
BRDA:65,5,1,0
BRDA:73,6,0,0
BRDA:73,6,1,0
BRDA:80,7,0,0
BRDA:80,7,1,0
BRDA:81,8,0,0
BRDA:81,8,1,0
BRDA:89,9,0,0
BRDA:89,9,1,0
BRDA:89,10,0,0
BRDA:89,10,1,0
BRDA:91,11,0,0
BRDA:91,11,1,0
BRDA:95,12,0,0
BRDA:95,12,1,0
BRDA:100,13,0,0
BRDA:100,13,1,0
BRDA:102,14,0,0
BRDA:102,14,1,0
BRDA:104,15,0,0
BRDA:104,15,1,0
BRDA:111,16,0,0
BRDA:111,16,1,0
BRDA:115,17,0,0
BRDA:115,17,1,0
BRDA:115,18,0,0
BRDA:115,18,1,0
BRDA:127,19,0,0
BRDA:127,19,1,0
BRDA:131,20,0,0
BRDA:131,20,1,0
BRDA:135,21,0,0
BRDA:135,21,1,0
BRDA:135,22,0,0
BRDA:135,22,1,0
BRDA:135,22,2,0
BRDA:141,23,0,0
BRDA:141,23,1,0
BRDA:144,24,0,0
BRDA:144,24,1,0
BRDA:153,25,0,0
BRDA:153,25,1,0
BRDA:153,26,0,0
BRDA:153,26,1,0
BRDA:153,26,2,0
BRDA:155,27,0,0
BRDA:155,27,1,0
BRDA:169,28,0,0
BRDA:169,28,1,0
BRDA:176,29,0,0
BRDA:176,29,1,0
BRDA:183,30,0,0
BRDA:183,30,1,0
BRDA:196,31,0,0
BRDA:196,31,1,0
BRDA:204,32,0,0
BRDA:204,32,1,1
BRDA:204,32,2,0
BRDA:204,32,3,0
BRDA:216,33,0,0
BRDA:216,33,1,1
BRDA:216,33,2,0
BRDA:216,33,3,0
BRDA:260,34,0,1
BRDA:260,34,1,1
BRDA:262,35,0,1
BRDA:262,35,1,1
BRDA:264,36,0,0
BRDA:264,36,1,1
BRDA:286,37,0,1
BRDA:286,37,1,0
BRDA:301,38,0,1
BRDA:301,38,1,0
BRDA:308,39,0,1
BRDA:308,39,1,1
BRDA:325,40,0,1
BRDA:325,40,1,1
BRF:88
BRH:16
end_of_record
TN:
SF:/Users/olegrakitine/Documents/react-typescript-webpack2-cssModules-postCSS/app/src/components/carousel/components/carousel-pagination/carousel-pagination.component.tsx
FN:7,(anonymous_0)
FN:22,(anonymous_1)
FN:22,(anonymous_2)
FN:26,(anonymous_3)
FNF:4
FNH:3
FNDA:1,(anonymous_0)
FNDA:2,(anonymous_1)
FNDA:0,(anonymous_2)
FNDA:2,(anonymous_3)
DA:1,1
DA:2,1
DA:4,1
DA:7,1
DA:8,1
DA:9,1
DA:10,1
DA:11,1
DA:12,1
DA:13,2
DA:15,1
DA:16,1
DA:17,1
DA:18,0
DA:20,1
DA:22,2
DA:23,0
DA:26,2
DA:35,1
DA:38,0
DA:39,0
DA:46,0
DA:49,1
LF:23
LH:18
BRDA:13,0,0,0
BRDA:13,0,1,1
BRDA:15,1,0,1
BRDA:15,1,1,0
BRDA:17,2,0,0
BRDA:17,2,1,1
BRDA:20,3,0,0
BRDA:20,3,1,1
BRDA:30,4,0,1
BRDA:30,4,1,1
BRDA:38,5,0,0
BRDA:38,5,1,0
BRF:12
BRH:6
end_of_record
TN:
SF:/Users/olegrakitine/Documents/react-typescript-webpack2-cssModules-postCSS/app/src/components/carousel/components/carousel-slides/carousel-slides.component.tsx
FN:8,(anonymous_0)
FN:22,(anonymous_1)
FNF:2
FNH:2
FNDA:1,(anonymous_0)
FNDA:2,(anonymous_1)
DA:1,1
DA:2,1
DA:4,1
DA:6,1
DA:8,1
DA:9,1
DA:10,1
DA:11,1
DA:12,1
DA:13,1
DA:14,1
DA:16,1
DA:17,1
DA:18,1
DA:19,1
DA:20,1
DA:22,1
DA:23,2
DA:24,2
DA:37,1
DA:40,1
LF:21
LH:21
BRDA:17,0,0,0
BRDA:17,0,1,1
BRDA:18,1,0,0
BRDA:18,1,1,1
BRDA:19,2,0,0
BRDA:19,2,1,1
BRDA:23,3,0,2
BRDA:23,3,1,0
BRDA:26,4,0,2
BRDA:26,4,1,2
BRDA:28,5,0,2
BRDA:28,5,1,0
BRDA:31,6,0,2
BRDA:31,6,1,0
BRDA:31,7,0,2
BRDA:31,7,1,2
BRF:16
BRH:10
end_of_record
TN:
SF:/Users/olegrakitine/Documents/react-typescript-webpack2-cssModules-postCSS/app/src/components/carousel/types/carousel-arrow-increment.types.ts
FNF:0
FNH:0
DA:1,1
DA:2,1
DA:3,1
LF:3
LH:3
BRF:0
BRH:0
end_of_record
TN:
SF:/Users/olegrakitine/Documents/react-typescript-webpack2-cssModules-postCSS/app/src/components/carousel/types/carousel-indicator.types.ts
FNF:0
FNH:0
DA:1,1
DA:2,1
DA:3,1
LF:3
LH:3
BRF:0
BRH:0
end_of_record
TN:
SF:/Users/olegrakitine/Documents/react-typescript-webpack2-cssModules-postCSS/app/src/components/carousel/types/index.ts
FNF:0
FNH:0
DA:1,1
DA:2,1
LF:2
LH:2
BRF:0
BRH:0
end_of_record
TN:
SF:/Users/olegrakitine/Documents/react-typescript-webpack2-cssModules-postCSS/app/src/components/carousel/utils/element-vertical-centerIn-parent.ts
FN:1,(anonymous_0)
FNF:1
FNH:0
FNDA:0,(anonymous_0)
DA:1,1
DA:2,0
DA:3,0
DA:4,0
LF:4
LH:1
BRF:0
BRH:0
end_of_record
TN:
SF:/Users/olegrakitine/Documents/react-typescript-webpack2-cssModules-postCSS/app/src/components/icon/icon.component.tsx
FN:24,(anonymous_1)
FNF:1
FNH:1
FNDA:2,(anonymous_1)
DA:1,2
DA:5,2
DA:10,2
DA:16,2
DA:24,2
DA:25,2
DA:27,1
DA:29,0
DA:31,1
DA:35,2
LF:10
LH:9
BRDA:26,0,0,1
BRDA:26,0,1,0
BRDA:26,0,2,1
BRF:3
BRH:2
end_of_record
TN:
SF:/Users/olegrakitine/Documents/react-typescript-webpack2-cssModules-postCSS/app/src/components/icon/index.ts
FNF:0
FNH:0
DA:1,1
LF:1
LH:1
BRF:0
BRH:0
end_of_record
TN:
SF:/Users/olegrakitine/Documents/react-typescript-webpack2-cssModules-postCSS/app/src/utils/count.ts
FN:6,(anonymous_0)
FNF:1
FNH:1
FNDA:1,(anonymous_0)
DA:6,1
DA:7,1
DA:8,1
DA:9,2
DA:11,1
LF:5
LH:5
BRF:0
BRH:0
end_of_record
TN:
SF:/Users/olegrakitine/Documents/react-typescript-webpack2-cssModules-postCSS/app/src/utils/index.ts
FNF:0
FNH:0
DA:1,1
DA:2,1
DA:3,1
DA:5,1
DA:6,1
LF:5
LH:5
BRF:0
BRH:0
end_of_record
TN:
SF:/Users/olegrakitine/Documents/react-typescript-webpack2-cssModules-postCSS/app/src/utils/is-in-browser.ts
FN:1,(anonymous_0)
FNF:1
FNH:1
FNDA:2,(anonymous_0)
DA:1,2
LF:1
LH:1
BRDA:1,0,0,2
BRDA:1,0,1,2
BRDA:1,0,2,2
BRF:3
BRH:3
end_of_record
TN:
SF:/Users/olegrakitine/Documents/react-typescript-webpack2-cssModules-postCSS/app/src/utils/is-of-type.ts
FN:9,(anonymous_0)
FNF:1
FNH:1
FNDA:2,(anonymous_0)
DA:9,1
DA:13,2
LF:2
LH:2
BRF:0
BRH:0
end_of_record
TN:
SF:/Users/olegrakitine/Documents/react-typescript-webpack2-cssModules-postCSS/app/src/utils/join-classes.ts
FN:8,(anonymous_0)
FN:8,(anonymous_1)
FNF:2
FNH:2
FNDA:2,(anonymous_0)
FNDA:4,(anonymous_1)
DA:8,8
LF:1
LH:1
BRF:0
BRH:0
end_of_record
TN:
SF:/Users/olegrakitine/Documents/react-typescript-webpack2-cssModules-postCSS/app/src/utils/mq-breakpoints.ts
FN:13,(anonymous_0)
FNF:1
FNH:1
FNDA:1,(anonymous_0)
DA:2,1
DA:3,1
DA:4,1
DA:5,1
DA:7,1
DA:8,1
DA:9,1
DA:13,1
DA:14,1
DA:15,0
DA:18,1
DA:19,1
DA:20,0
DA:21,1
DA:22,0
DA:23,1
DA:24,1
DA:26,0
LF:18
LH:14
BRDA:14,0,0,0
BRDA:14,0,1,1
BRDA:14,1,0,1
BRDA:14,1,1,0
BRDA:18,2,0,1
BRDA:18,2,1,0
BRDA:19,3,0,0
BRDA:19,3,1,1
BRDA:21,4,0,0
BRDA:21,4,1,1
BRDA:23,5,0,1
BRDA:23,5,1,0
BRF:12
BRH:6
end_of_record
TN:
SF:/Users/olegrakitine/Documents/react-typescript-webpack2-cssModules-postCSS/test/unit/helpers/ComponentHelper.tsx
FN:5,(anonymous_3)
FN:6,(anonymous_4)
FN:13,(anonymous_5)
FNF:3
FNH:3
FNDA:2,(anonymous_3)
FNDA:2,(anonymous_4)
FNDA:2,(anonymous_5)
DA:2,2
DA:3,2
DA:5,4
DA:6,4
DA:7,2
DA:9,2
DA:13,2
DA:16,2
DA:22,2
LF:9
LH:9
BRDA:5,0,0,2
BRDA:5,0,1,0
BRDA:6,1,0,2
BRDA:6,1,1,0
BRDA:6,2,0,2
BRDA:6,2,1,0
BRF:6
BRH:3
end_of_record
